<?xml version="1.0" encoding="UTF-8"?>
<!-- Generated by org.testng.reporters.JUnitReportReporter -->
<testsuite hostname="Mani" failures="0" tests="1" name="org.udemy.test.TC002Login" time="4.311" errors="1" timestamp="12 Dec 2023 05:13:22 GMT" skipped="0">
  <testcase classname="org.udemy.test.TC002Login" name="loginTest" time="4.311">
    <error message="Unresolved compilation problems: 
	The constructor LogInPage() is undefined
	The constructor LogInPage() is undefined
" type="java.lang.Error">
      <![CDATA[java.lang.Error: Unresolved compilation problems: 
	The constructor LogInPage() is undefined
	The constructor LogInPage() is undefined

	at org.udemy.test.TC002Login.loginTest(TC002Login.java:13)
	at java.base/jdk.internal.reflect.NativeMethodAccessorImpl.invoke0(Native Method)
	at java.base/jdk.internal.reflect.NativeMethodAccessorImpl.invoke(NativeMethodAccessorImpl.java:77)
	at java.base/jdk.internal.reflect.DelegatingMethodAccessorImpl.invoke(DelegatingMethodAccessorImpl.java:43)
	at java.base/java.lang.reflect.Method.invoke(Method.java:568)
	at org.testng.internal.MethodInvocationHelper.invokeMethod(MethodInvocationHelper.java:108)
	at org.testng.internal.Invoker.invokeMethod(Invoker.java:661)
	at org.testng.internal.Invoker.invokeTestMethod(Invoker.java:869)
	at org.testng.internal.Invoker.invokeTestMethods(Invoker.java:1193)
	at org.testng.internal.TestMethodWorker.invokeTestMethods(TestMethodWorker.java:126)
	at org.testng.internal.TestMethodWorker.run(TestMethodWorker.java:109)
	at java.base/java.util.concurrent.ThreadPoolExecutor.runWorker(ThreadPoolExecutor.java:1136)
	at java.base/java.util.concurrent.ThreadPoolExecutor$Worker.run(ThreadPoolExecutor.java:635)
	at java.base/java.lang.Thread.run(Thread.java:833)
]]>
    </error>
  </testcase> <!-- loginTest -->
</testsuite> <!-- org.udemy.test.TC002Login -->
