<?xml version="1.0" encoding="UTF-8"?>
<!-- Generated by org.testng.reporters.JUnitReportReporter -->
<testsuite hostname="Mani" failures="0" tests="3" name="testScenarios.TestMethods_GoogleSearch" time="4.826" errors="0" timestamp="29 Dec 2023 01:48:20 GMT" skipped="0">
  <testcase classname="testScenarios.TestMethods_GoogleSearch" name="SearchOptions" time="2.695"/>
  <testcase classname="testScenarios.TestMethods_GoogleSearch" name="verifyAndAccessFacebook" time="0.965"/>
  <testcase classname="testScenarios.TestMethods_GoogleSearch" name="F_LoginPage" time="1.166"/>
</testsuite> <!-- testScenarios.TestMethods_GoogleSearch -->
