<?xml version="1.0" encoding="UTF-8"?>
<!-- Generated by org.testng.reporters.JUnitReportReporter -->
<testsuite hostname="Mani" failures="0" tests="3" name="testScenarios.TestMethods_GoogleSearch2" time="4.436" errors="0" timestamp="29 Dec 2023 01:48:20 GMT" skipped="0">
  <testcase classname="testScenarios.TestMethods_GoogleSearch2" name="SearchOptions" time="2.536"/>
  <testcase classname="testScenarios.TestMethods_GoogleSearch2" name="verifyAndAccessFacebook" time="0.822"/>
  <testcase classname="testScenarios.TestMethods_GoogleSearch2" name="F_LoginPage" time="1.078"/>
</testsuite> <!-- testScenarios.TestMethods_GoogleSearch2 -->
